#
# There is insufficient memory for the Java Runtime Environment to continue.
# Native memory allocation (malloc) failed to allocate 131088 bytes for Chunk::new
# Possible reasons:
#   The system is out of physical RAM or swap space
#   The process is running with CompressedOops enabled, and the Java Heap may be blocking the growth of the native heap
# Possible solutions:
#   Reduce memory load on the system
#   Increase physical memory or swap space
#   Check if swap backing store is full
#   Decrease Java heap size (-Xmx/-Xms)
#   Decrease number of Java threads
#   Decrease Java thread stack sizes (-Xss)
#   Set larger code cache with -XX:ReservedCodeCacheSize=
#   JVM is running with Unscaled Compressed Oops mode in which the Java heap is
#     placed in the first 4GB address space. The Java Heap base address is the
#     maximum limit for the native heap growth. Please use -XX:HeapBaseMinAddress
#     to set the Java Heap base and to place the Java Heap above 4GB virtual address.
# This output file may be truncated or incomplete.
#
#  Out of Memory Error (allocation.cpp:389), pid=9124, tid=0x0000000000001898
#
# JRE version: OpenJDK Runtime Environment (8.0_242-b01) (build 1.8.0_242-release-1644-b01)
# Java VM: OpenJDK 64-Bit Server VM (25.242-b01 mixed mode windows-amd64 compressed oops)
# Failed to write core dump. Minidumps are not enabled by default on client versions of Windows
#

---------------  T H R E A D  ---------------

Current thread (0x0000000018d66000):  JavaThread "C2 CompilerThread0" daemon [_thread_in_native, id=6296, stack(0x0000000019630000,0x0000000019730000)]

Stack: [0x0000000019630000,0x0000000019730000]
[error occurred during error reporting (printing stack bounds), id 0xc0000005]

Native frames: (J=compiled Java code, j=interpreted, Vv=VM code, C=native code)


Current CompileTask:
C2:  13448 5216 %     4       org.gradle.internal.instantiation.AbstractClassGenerator::inspectType @ 107 (559 bytes)


---------------  P R O C E S S  ---------------

Java Threads: ( => current thread )
  0x0000000018eed000 JavaThread "Cache worker for file content cache (D:\Study\Bntu_Dp_NavigatorQR_06'20\.gradle\5.6.4\fileContent)" [_thread_blocked, id=7916, stack(0x0000000024a00000,0x0000000024b00000)]
  0x0000000018ef0000 JavaThread "Cache worker for file content cache (C:\Users\OmegaNessy\.gradle\caches\5.6.4\fileContent)" [_thread_blocked, id=8732, stack(0x00000000246a0000,0x00000000247a0000)]
  0x0000000018eef000 JavaThread "Memory manager" [_thread_blocked, id=11020, stack(0x00000000245a0000,0x00000000246a0000)]
  0x0000000018eee800 JavaThread "Cache worker for Build Output Cleanup Cache (D:\Study\Bntu_Dp_NavigatorQR_06'20\.gradle\buildOutputCleanup)" [_thread_blocked, id=10472, stack(0x0000000023ea0000,0x0000000023fa0000)]
  0x0000000018ee5800 JavaThread "Build operations Thread 8" [_thread_blocked, id=5448, stack(0x00000000237a0000,0x00000000238a0000)]
  0x0000000018eec000 JavaThread "Build operations Thread 7" [_thread_blocked, id=8320, stack(0x0000000023480000,0x0000000023580000)]
  0x0000000018ee4800 JavaThread "Build operations Thread 6" [_thread_blocked, id=3868, stack(0x0000000023380000,0x0000000023480000)]
  0x0000000018eeb800 JavaThread "Build operations Thread 5" [_thread_blocked, id=10332, stack(0x0000000023280000,0x0000000023380000)]
  0x0000000018eea800 JavaThread "Build operations Thread 4" [_thread_blocked, id=11692, stack(0x0000000023180000,0x0000000023280000)]
  0x0000000018ee3000 JavaThread "Build operations Thread 3" [_thread_blocked, id=9296, stack(0x0000000023080000,0x0000000023180000)]
  0x0000000018eea000 JavaThread "Build operations Thread 2" [_thread_blocked, id=12812, stack(0x0000000022f80000,0x0000000023080000)]
  0x0000000018ee9000 JavaThread "Build operations" [_thread_blocked, id=10932, stack(0x0000000022e80000,0x0000000022f80000)]
  0x0000000018ee8800 JavaThread "Cache worker for execution history cache (C:\Users\OmegaNessy\.gradle\caches\5.6.4\executionHistory)" [_thread_blocked, id=12432, stack(0x0000000021db0000,0x0000000021eb0000)]
  0x0000000018ee7000 JavaThread "Cache worker for cache directory md-rule (C:\Users\OmegaNessy\.gradle\caches\5.6.4\md-rule)" [_thread_blocked, id=12744, stack(0x0000000021cb0000,0x0000000021db0000)]
  0x0000000018ee4000 JavaThread "Cache worker for cache directory md-supplier (C:\Users\OmegaNessy\.gradle\caches\5.6.4\md-supplier)" [_thread_blocked, id=12080, stack(0x0000000021590000,0x0000000021690000)]
  0x0000000018d7a800 JavaThread "Cache worker for file hash cache (D:\Study\Bntu_Dp_NavigatorQR_06'20\.gradle\5.6.4\fileHashes)" [_thread_blocked, id=10748, stack(0x0000000021290000,0x0000000021390000)]
  0x0000000018d76000 JavaThread "Cache worker for journal cache (C:\Users\OmegaNessy\.gradle\caches\journal-1)" [_thread_blocked, id=11228, stack(0x000000001dbc0000,0x000000001dcc0000)]
  0x0000000018d7a000 JavaThread "File lock request listener" [_thread_in_native, id=12448, stack(0x000000001dac0000,0x000000001dbc0000)]
  0x0000000018d75800 JavaThread "Cache worker for file hash cache (C:\Users\OmegaNessy\.gradle\caches\5.6.4\fileHashes)" [_thread_blocked, id=9488, stack(0x000000001d9c0000,0x000000001dac0000)]
  0x000000001b848000 JavaThread "Thread-9" [_thread_blocked, id=6012, stack(0x000000001d6c0000,0x000000001d7c0000)]
  0x000000001b905000 JavaThread "Stdin handler" [_thread_blocked, id=1220, stack(0x000000001d5c0000,0x000000001d6c0000)]
  0x000000001b904800 JavaThread "Asynchronous log dispatcher for DefaultDaemonConnection: socket connection from /127.0.0.1:59880 to /127.0.0.1:59881" [_thread_blocked, id=9956, stack(0x000000001d3c0000,0x000000001d4c0000)]
  0x000000001b843800 JavaThread "Daemon worker" [_thread_in_vm, id=10516, stack(0x000000001d2c0000,0x000000001d3c0000)]
  0x000000001b842800 JavaThread "Cancel handler" [_thread_blocked, id=12156, stack(0x000000001d1c0000,0x000000001d2c0000)]
  0x000000001b856800 JavaThread "Handler for socket connection from /127.0.0.1:59880 to /127.0.0.1:59881" [_thread_in_native, id=11292, stack(0x000000001cec0000,0x000000001cfc0000)]
  0x000000001b82a800 JavaThread "Daemon" [_thread_blocked, id=5804, stack(0x000000001cdc0000,0x000000001cec0000)]
  0x000000001b7c1000 JavaThread "Daemon periodic checks" [_thread_blocked, id=1308, stack(0x000000001ccc0000,0x000000001cdc0000)]
  0x000000001b7c0000 JavaThread "Incoming local TCP Connector on port 59880" [_thread_in_native, id=9936, stack(0x000000001ca70000,0x000000001cb70000)]
  0x000000001b750800 JavaThread "Daemon health stats" [_thread_blocked, id=4176, stack(0x000000001c410000,0x000000001c510000)]
  0x0000000018df6000 JavaThread "Service Thread" daemon [_thread_blocked, id=6744, stack(0x0000000019a30000,0x0000000019b30000)]
  0x0000000018d77000 JavaThread "C1 CompilerThread3" daemon [_thread_in_vm, id=11444, stack(0x0000000019930000,0x0000000019a30000)]
  0x0000000018d6c000 JavaThread "C2 CompilerThread2" daemon [_thread_in_native, id=8532, stack(0x0000000019830000,0x0000000019930000)]
  0x0000000016f7b800 JavaThread "C2 CompilerThread1" daemon [_thread_in_native, id=9444, stack(0x0000000019730000,0x0000000019830000)]
=>0x0000000018d66000 JavaThread "C2 CompilerThread0" daemon [_thread_in_native, id=6296, stack(0x0000000019630000,0x0000000019730000)]
  0x0000000018d65000 JavaThread "Attach Listener" daemon [_thread_blocked, id=10440, stack(0x0000000019530000,0x0000000019630000)]
  0x0000000018d64000 JavaThread "Signal Dispatcher" daemon [_thread_blocked, id=10936, stack(0x0000000019430000,0x0000000019530000)]
  0x0000000018d51800 JavaThread "Finalizer" daemon [_thread_blocked, id=8852, stack(0x0000000019230000,0x0000000019330000)]
  0x0000000018d50800 JavaThread "Reference Handler" daemon [_thread_blocked, id=5132, stack(0x0000000019130000,0x0000000019230000)]
  0x0000000002f4e000 JavaThread "main" [_thread_blocked, id=7008, stack(0x0000000002f90000,0x0000000003090000)]

Other Threads:
  0x0000000016f68000 VMThread [stack: 0x0000000018c30000,0x0000000018d30000] [id=11868]
  0x0000000018df6800 WatcherThread [stack: 0x0000000019b30000,0x0000000019c30000] [id=12724]

VM state:not at safepoint (normal execution)

VM Mutex/Monitor currently owned by a thread: None

heap address: 0x00000000a0000000, size: 1536 MB, Compressed Oops mode: 32-bit
Narrow klass base: 0x0000000000000000, Narrow klass shift: 3
Compressed class space size: 1073741824 Address: 0x0000000100000000

Heap:
 PSYoungGen      total 143360K, used 137821K [0x00000000e0000000, 0x00000000ec380000, 0x0000000100000000)
  eden space 130048K, 95% used [0x00000000e0000000,0x00000000e799f130,0x00000000e7f00000)
  from space 13312K, 99% used [0x00000000e7f00000,0x00000000e8bf85e0,0x00000000e8c00000)
  to   space 15872K, 0% used [0x00000000eb400000,0x00000000eb400000,0x00000000ec380000)
 ParOldGen       total 98816K, used 18297K [0x00000000a0000000, 0x00000000a6080000, 0x00000000e0000000)
  object space 98816K, 18% used [0x00000000a0000000,0x00000000a11de720,0x00000000a6080000)
 Metaspace       used 56243K, capacity 57992K, committed 58240K, reserved 1099776K
  class space    used 7737K, capacity 8199K, committed 8320K, reserved 1048576K

Card table byte_map: [0x0000000012550000,0x0000000012860000] byte_map_base: 0x0000000012050000

Marking Bits: (ParMarkBitMap*) 0x0000000068e8f030
 Begin Bits: [0x0000000013260000, 0x0000000014a60000)
 End Bits:   [0x0000000014a60000, 0x0000000016260000)

Polling page: 0x0000000002ef0000

CodeCache: size=245760Kb used=16356Kb max_used=17212Kb free=229403Kb
 bounds [0x0000000003190000, 0x0000000004270000, 0x0000000012190000]
 total_blobs=5811 nmethods=5030 adapters=693
 compilation: enabled

Compilation events (10 events):
Event: 13.437 Thread 0x0000000018d77000 nmethod 5605 0x0000000003391b90 code [0x0000000003391d20, 0x00000000033920d8]
Event: 13.437 Thread 0x0000000018d77000 5606       3       java.util.ArrayDeque::toArray (12 bytes)
Event: 13.437 Thread 0x0000000018d77000 nmethod 5606 0x00000000033adb50 code [0x00000000033adcc0, 0x00000000033adf68]
Event: 13.437 Thread 0x0000000018d77000 5607       3       java.util.ArrayDeque::copyElements (83 bytes)
Event: 13.437 Thread 0x0000000018d77000 nmethod 5607 0x0000000003795b50 code [0x0000000003795d00, 0x0000000003796448]
Event: 13.437 Thread 0x0000000018d77000 5608       3       java.util.ArrayDeque::allocateElements (12 bytes)
Event: 13.438 Thread 0x0000000018d77000 nmethod 5608 0x0000000003713bd0 code [0x0000000003713d40, 0x0000000003713f68]
Event: 13.438 Thread 0x0000000018d77000 5609       3       java.util.ArrayDeque::calculateSize (55 bytes)
Event: 13.438 Thread 0x0000000018d77000 nmethod 5609 0x0000000003752f50 code [0x00000000037530a0, 0x0000000003753290]
Event: 13.438 Thread 0x0000000018d77000 5610       3       org.gradle.internal.graph.CachingDirectedGraphWalker$NodeDetails::<init> (64 bytes)

GC Heap History (10 events):
Event: 9.162 GC heap before
{Heap before GC invocations=7 (full 1):
 PSYoungGen      total 68608K, used 63046K [0x00000000e0000000, 0x00000000e8580000, 0x0000000100000000)
  eden space 63488K, 99% used [0x00000000e0000000,0x00000000e3d91ac8,0x00000000e3e00000)
  from space 5120K, 0% used [0x00000000e4000000,0x00000000e4000000,0x00000000e4500000)
  to   space 13312K, 0% used [0x00000000e7880000,0x00000000e7880000,0x00000000e8580000)
 ParOldGen       total 66048K, used 7704K [0x00000000a0000000, 0x00000000a4080000, 0x00000000e0000000)
  object space 66048K, 11% used [0x00000000a0000000,0x00000000a0786208,0x00000000a4080000)
 Metaspace       used 28569K, capacity 29074K, committed 29440K, reserved 1075200K
  class space    used 3906K, capacity 4072K, committed 4096K, reserved 1048576K
Event: 9.168 GC heap after
Heap after GC invocations=7 (full 1):
 PSYoungGen      total 97280K, used 8152K [0x00000000e0000000, 0x00000000e8080000, 0x0000000100000000)
  eden space 89088K, 0% used [0x00000000e0000000,0x00000000e0000000,0x00000000e5700000)
  from space 8192K, 99% used [0x00000000e7880000,0x00000000e8076360,0x00000000e8080000)
  to   space 12800K, 0% used [0x00000000e6780000,0x00000000e6780000,0x00000000e7400000)
 ParOldGen       total 66048K, used 7712K [0x00000000a0000000, 0x00000000a4080000, 0x00000000e0000000)
  object space 66048K, 11% used [0x00000000a0000000,0x00000000a0788208,0x00000000a4080000)
 Metaspace       used 28569K, capacity 29074K, committed 29440K, reserved 1075200K
  class space    used 3906K, capacity 4072K, committed 4096K, reserved 1048576K
}
Event: 9.853 GC heap before
{Heap before GC invocations=8 (full 1):
 PSYoungGen      total 97280K, used 97240K [0x00000000e0000000, 0x00000000e8080000, 0x0000000100000000)
  eden space 89088K, 100% used [0x00000000e0000000,0x00000000e5700000,0x00000000e5700000)
  from space 8192K, 99% used [0x00000000e7880000,0x00000000e8076360,0x00000000e8080000)
  to   space 12800K, 0% used [0x00000000e6780000,0x00000000e6780000,0x00000000e7400000)
 ParOldGen       total 66048K, used 7712K [0x00000000a0000000, 0x00000000a4080000, 0x00000000e0000000)
  object space 66048K, 11% used [0x00000000a0000000,0x00000000a0788208,0x00000000a4080000)
 Metaspace       used 33062K, capacity 33604K, committed 34048K, reserved 1079296K
  class space    used 4536K, capacity 4747K, committed 4864K, reserved 1048576K
Event: 9.863 GC heap after
Heap after GC invocations=8 (full 1):
 PSYoungGen      total 118784K, used 9725K [0x00000000e0000000, 0x00000000e9900000, 0x0000000100000000)
  eden space 105984K, 0% used [0x00000000e0000000,0x00000000e0000000,0x00000000e6780000)
  from space 12800K, 75% used [0x00000000e6780000,0x00000000e70ff410,0x00000000e7400000)
  to   space 13312K, 0% used [0x00000000e8c00000,0x00000000e8c00000,0x00000000e9900000)
 ParOldGen       total 66048K, used 7720K [0x00000000a0000000, 0x00000000a4080000, 0x00000000e0000000)
  object space 66048K, 11% used [0x00000000a0000000,0x00000000a078a208,0x00000000a4080000)
 Metaspace       used 33062K, capacity 33604K, committed 34048K, reserved 1079296K
  class space    used 4536K, capacity 4747K, committed 4864K, reserved 1048576K
}
Event: 10.298 GC heap before
{Heap before GC invocations=9 (full 1):
 PSYoungGen      total 118784K, used 50135K [0x00000000e0000000, 0x00000000e9900000, 0x0000000100000000)
  eden space 105984K, 38% used [0x00000000e0000000,0x00000000e2776ad0,0x00000000e6780000)
  from space 12800K, 75% used [0x00000000e6780000,0x00000000e70ff410,0x00000000e7400000)
  to   space 13312K, 0% used [0x00000000e8c00000,0x00000000e8c00000,0x00000000e9900000)
 ParOldGen       total 66048K, used 7720K [0x00000000a0000000, 0x00000000a4080000, 0x00000000e0000000)
  object space 66048K, 11% used [0x00000000a0000000,0x00000000a078a208,0x00000000a4080000)
 Metaspace       used 34584K, capacity 35410K, committed 35456K, reserved 1079296K
  class space    used 4746K, capacity 4980K, committed 4992K, reserved 1048576K
Event: 10.304 GC heap after
Heap after GC invocations=9 (full 1):
 PSYoungGen      total 143360K, used 8843K [0x00000000e0000000, 0x00000000eb400000, 0x0000000100000000)
  eden space 130048K, 0% used [0x00000000e0000000,0x00000000e0000000,0x00000000e7f00000)
  from space 13312K, 66% used [0x00000000e8c00000,0x00000000e94a2f08,0x00000000e9900000)
  to   space 13312K, 0% used [0x00000000e7f00000,0x00000000e7f00000,0x00000000e8c00000)
 ParOldGen       total 66048K, used 7728K [0x00000000a0000000, 0x00000000a4080000, 0x00000000e0000000)
  object space 66048K, 11% used [0x00000000a0000000,0x00000000a078c208,0x00000000a4080000)
 Metaspace       used 34584K, capacity 35410K, committed 35456K, reserved 1079296K
  class space    used 4746K, capacity 4980K, committed 4992K, reserved 1048576K
}
Event: 10.304 GC heap before
{Heap before GC invocations=10 (full 2):
 PSYoungGen      total 143360K, used 8843K [0x00000000e0000000, 0x00000000eb400000, 0x0000000100000000)
  eden space 130048K, 0% used [0x00000000e0000000,0x00000000e0000000,0x00000000e7f00000)
  from space 13312K, 66% used [0x00000000e8c00000,0x00000000e94a2f08,0x00000000e9900000)
  to   space 13312K, 0% used [0x00000000e7f00000,0x00000000e7f00000,0x00000000e8c00000)
 ParOldGen       total 66048K, used 7728K [0x00000000a0000000, 0x00000000a4080000, 0x00000000e0000000)
  object space 66048K, 11% used [0x00000000a0000000,0x00000000a078c208,0x00000000a4080000)
 Metaspace       used 34584K, capacity 35410K, committed 35456K, reserved 1079296K
  class space    used 4746K, capacity 4980K, committed 4992K, reserved 1048576K
Event: 10.365 GC heap after
Heap after GC invocations=10 (full 2):
 PSYoungGen      total 143360K, used 0K [0x00000000e0000000, 0x00000000eb400000, 0x0000000100000000)
  eden space 130048K, 0% used [0x00000000e0000000,0x00000000e0000000,0x00000000e7f00000)
  from space 13312K, 0% used [0x00000000e8c00000,0x00000000e8c00000,0x00000000e9900000)
  to   space 13312K, 0% used [0x00000000e7f00000,0x00000000e7f00000,0x00000000e8c00000)
 ParOldGen       total 98816K, used 15612K [0x00000000a0000000, 0x00000000a6080000, 0x00000000e0000000)
  object space 98816K, 15% used [0x00000000a0000000,0x00000000a0f3f088,0x00000000a6080000)
 Metaspace       used 34552K, capacity 35302K, committed 35456K, reserved 1079296K
  class space    used 4736K, capacity 4962K, committed 4992K, reserved 1048576K
}
Event: 11.587 GC heap before
{Heap before GC invocations=11 (full 2):
 PSYoungGen      total 143360K, used 130048K [0x00000000e0000000, 0x00000000eb400000, 0x0000000100000000)
  eden space 130048K, 100% used [0x00000000e0000000,0x00000000e7f00000,0x00000000e7f00000)
  from space 13312K, 0% used [0x00000000e8c00000,0x00000000e8c00000,0x00000000e9900000)
  to   space 13312K, 0% used [0x00000000e7f00000,0x00000000e7f00000,0x00000000e8c00000)
 ParOldGen       total 98816K, used 15612K [0x00000000a0000000, 0x00000000a6080000, 0x00000000e0000000)
  object space 98816K, 15% used [0x00000000a0000000,0x00000000a0f3f088,0x00000000a6080000)
 Metaspace       used 47470K, capacity 48688K, committed 49024K, reserved 1091584K
  class space    used 6338K, capacity 6678K, committed 6784K, reserved 1048576K
Event: 11.599 GC heap after
Heap after GC invocations=11 (full 2):
 PSYoungGen      total 143360K, used 13281K [0x00000000e0000000, 0x00000000ec380000, 0x0000000100000000)
  eden space 130048K, 0% used [0x00000000e0000000,0x00000000e0000000,0x00000000e7f00000)
  from space 13312K, 99% used [0x00000000e7f00000,0x00000000e8bf85e0,0x00000000e8c00000)
  to   space 15872K, 0% used [0x00000000eb400000,0x00000000eb400000,0x00000000ec380000)
 ParOldGen       total 98816K, used 18297K [0x00000000a0000000, 0x00000000a6080000, 0x00000000e0000000)
  object space 98816K, 18% used [0x00000000a0000000,0x00000000a11de720,0x00000000a6080000)
 Metaspace       used 47470K, capacity 48688K, committed 49024K, reserved 1091584K
  class space    used 6338K, capacity 6678K, committed 6784K, reserved 1048576K
}

Deoptimization events (10 events):
Event: 12.247 Thread 0x000000001b843800 Uncommon trap: reason=bimorphic action=maybe_recompile pc=0x00000000032e4284 method=java.util.regex.Pattern$5.isSatisfiedBy(I)Z @ 16
Event: 12.247 Thread 0x000000001b843800 Uncommon trap: reason=bimorphic action=maybe_recompile pc=0x00000000032e4284 method=java.util.regex.Pattern$5.isSatisfiedBy(I)Z @ 16
Event: 12.472 Thread 0x000000001b843800 Uncommon trap: reason=unstable_if action=reinterpret pc=0x000000000379b2e8 method=java.util.regex.Pattern$BmpCharProperty.match(Ljava/util/regex/Matcher;ILjava/lang/CharSequence;)Z @ 34
Event: 12.501 Thread 0x000000001b843800 Uncommon trap: reason=unstable_if action=reinterpret pc=0x0000000003718a98 method=com.sun.org.apache.xerces.internal.impl.XMLEntityScanner.scanLiteral(ILcom/sun/org/apache/xerces/internal/xni/XMLString;Z)I @ 660
Event: 12.743 Thread 0x000000001b843800 Uncommon trap: reason=unstable_if action=reinterpret pc=0x00000000032ad358 method=com.google.gson.stream.JsonReader.doPeek()I @ 315
Event: 12.862 Thread 0x000000001b843800 Uncommon trap: reason=unstable_if action=reinterpret pc=0x00000000039ec034 method=java.lang.String.lastIndexOf([CII[CIII)I @ 118
Event: 12.902 Thread 0x000000001b843800 Uncommon trap: reason=unstable_if action=reinterpret pc=0x00000000036bafa8 method=java.io.WinNTFileSystem.isLetter(C)Z @ 3
Event: 12.906 Thread 0x000000001b843800 Uncommon trap: reason=predicate action=maybe_recompile pc=0x00000000041792b8 method=java.util.AbstractCollection.toArray([Ljava/lang/Object;)[Ljava/lang/Object; @ 49
Event: 13.294 Thread 0x000000001b843800 Uncommon trap: reason=unstable_if action=reinterpret pc=0x0000000003e24400 method=java.util.regex.Pattern$7.isSatisfiedBy(I)Z @ 8
Event: 13.297 Thread 0x000000001b843800 Uncommon trap: reason=unstable_if action=reinterpret pc=0x0000000004134728 method=java.util.regex.Pattern$GroupTail.match(Ljava/util/regex/Matcher;ILjava/lang/CharSequence;)Z @ 73

Classes redefined (0 events):
No events

Internal exceptions (10 events):
Event: 11.830 Thread 0x000000001b843800 Exception <a 'java/lang/ClassNotFoundException': org/gradle/api/plugins/internal/DefaultBasePluginConventionCustomizer> (0x00000000e1dcc6e0) thrown at [C:\src\AOSP-openjdk-git\hotspot\src\share\vm\classfile\systemDictionary.cpp, line 210]
Event: 11.836 Thread 0x000000001b843800 Exception <a 'java/lang/NoSuchMethodError': java.lang.Object.lambda$comparingInt$7b0bb60$1(Ljava/util/function/ToIntFunction;Ljava/lang/Object;Ljava/lang/Object;)I> (0x00000000e1e53428) thrown at [C:\src\AOSP-openjdk-git\hotspot\src\share\vm\interpreter\l
Event: 12.056 Thread 0x000000001b843800 Exception <a 'java/lang/ClassNotFoundException': com/android/build/gradle/internal/api/ApkVariantOutputImpl_DecoratedBeanInfo> (0x00000000e2dcba50) thrown at [C:\src\AOSP-openjdk-git\hotspot\src\share\vm\classfile\systemDictionary.cpp, line 210]
Event: 12.056 Thread 0x000000001b843800 Exception <a 'java/lang/ClassNotFoundException': com/android/build/gradle/internal/api/ApkVariantOutputImplBeanInfo> (0x00000000e2de78c0) thrown at [C:\src\AOSP-openjdk-git\hotspot\src\share\vm\classfile\systemDictionary.cpp, line 210]
Event: 12.056 Thread 0x000000001b843800 Exception <a 'java/lang/ClassNotFoundException': com/android/build/gradle/internal/api/BaseVariantOutputImplBeanInfo> (0x00000000e2e04a48) thrown at [C:\src\AOSP-openjdk-git\hotspot\src\share\vm\classfile\systemDictionary.cpp, line 210]
Event: 12.057 Thread 0x000000001b843800 Exception <a 'java/lang/ClassNotFoundException': com/android/build/gradle/internal/api/BaseVariantOutputImplCustomizer> (0x00000000e2e220e8) thrown at [C:\src\AOSP-openjdk-git\hotspot\src\share\vm\classfile\systemDictionary.cpp, line 210]
Event: 12.057 Thread 0x000000001b843800 Exception <a 'java/lang/ClassNotFoundException': com/android/build/gradle/internal/api/ApkVariantOutputImplCustomizer> (0x00000000e2e59500) thrown at [C:\src\AOSP-openjdk-git\hotspot\src\share\vm\classfile\systemDictionary.cpp, line 210]
Event: 12.058 Thread 0x000000001b843800 Exception <a 'java/lang/ClassNotFoundException': com/android/build/gradle/internal/api/ApkVariantOutputImpl_DecoratedCustomizer> (0x00000000e2e8bc10) thrown at [C:\src\AOSP-openjdk-git\hotspot\src\share\vm\classfile\systemDictionary.cpp, line 210]
Event: 12.272 Thread 0x000000001b843800 Exception <a 'java/lang/ClassNotFoundException': com/sun/org/glassfish/hk2/osgiresourcelocator/ServiceLoader> (0x00000000e4728788) thrown at [C:\src\AOSP-openjdk-git\hotspot\src\share\vm\classfile\systemDictionary.cpp, line 210]
Event: 12.311 Thread 0x000000001b843800 Exception <a 'java/lang/NullPointerException'> (0x00000000e4bf4fc8) thrown at [C:\src\AOSP-openjdk-git\hotspot\src\share\vm\interpreter\linkResolver.cpp, line 1287]

Events (10 events):
Event: 13.427 loading class org/gradle/api/internal/artifacts/transform/TransformationNode$ChainedTransformationNode
Event: 13.427 loading class org/gradle/api/internal/artifacts/transform/TransformationNode$ChainedTransformationNode done
Event: 13.434 loading class org/gradle/internal/reflect/ParameterValidationContext$1
Event: 13.434 loading class org/gradle/internal/reflect/ParameterValidationContext$1 done
Event: 13.434 loading class org/gradle/api/internal/artifacts/transform/DefaultTransformer$1
Event: 13.434 loading class org/gradle/api/internal/artifacts/transform/DefaultTransformer$1 done
Event: 13.436 loading class org/gradle/api/internal/artifacts/DefaultResolvedArtifact$1
Event: 13.436 loading class org/gradle/api/internal/artifacts/DefaultResolvedArtifact$1 done
Event: 13.436 loading class org/gradle/api/internal/artifacts/DefaultResolvedArtifact$1$1
Event: 13.436 loading class org/gradle/api/internal/artifacts/DefaultResolvedArtifact$1$1 done


Dynamic libraries:
0x00007ff7ebdc0000 - 0x00007ff7ebdf1000 	C:\Program Files\Android\Android Studio\jre\bin\java.exe
0x00007ffc299e0000 - 0x00007ffc29bcd000 	C:\Windows\SYSTEM32\ntdll.dll
0x00007ffc29870000 - 0x00007ffc29923000 	C:\Windows\System32\KERNEL32.DLL
0x00007ffc268b0000 - 0x00007ffc26b45000 	C:\Windows\System32\KERNELBASE.dll
0x00007ffc27850000 - 0x00007ffc278f3000 	C:\Windows\System32\ADVAPI32.dll
0x00007ffc281a0000 - 0x00007ffc2823e000 	C:\Windows\System32\msvcrt.dll
0x00007ffc27700000 - 0x00007ffc2779e000 	C:\Windows\System32\sechost.dll
0x00007ffc28240000 - 0x00007ffc28362000 	C:\Windows\System32\RPCRT4.dll
0x00007ffc27cf0000 - 0x00007ffc27e87000 	C:\Windows\System32\USER32.dll
0x00007ffc26250000 - 0x00007ffc26270000 	C:\Windows\System32\win32u.dll
0x00007ffc26c00000 - 0x00007ffc26c29000 	C:\Windows\System32\GDI32.dll
0x00007ffc265a0000 - 0x00007ffc2673b000 	C:\Windows\System32\gdi32full.dll
0x00007ffc26270000 - 0x00007ffc26310000 	C:\Windows\System32\msvcp_win.dll
0x00007ffc26740000 - 0x00007ffc2683a000 	C:\Windows\System32\ucrtbase.dll
0x00007ffc0c8a0000 - 0x00007ffc0cb19000 	C:\Windows\WinSxS\amd64_microsoft.windows.common-controls_6595b64144ccf1df_6.0.17763.1339_none_de7015e4534c7114\COMCTL32.dll
0x00007ffc273d0000 - 0x00007ffc276fc000 	C:\Windows\System32\combase.dll
0x00007ffc26b50000 - 0x00007ffc26bce000 	C:\Windows\System32\bcryptPrimitives.dll
0x00007ffc27260000 - 0x00007ffc2728e000 	C:\Windows\System32\IMM32.DLL
0x0000000068500000 - 0x00000000685d2000 	C:\Program Files\Android\Android Studio\jre\jre\bin\msvcr100.dll
0x00000000686c0000 - 0x0000000068f0b000 	C:\Program Files\Android\Android Studio\jre\jre\bin\server\jvm.dll
0x00007ffc27cc0000 - 0x00007ffc27cc8000 	C:\Windows\System32\PSAPI.DLL
0x00007ffc23140000 - 0x00007ffc23164000 	C:\Windows\SYSTEM32\WINMM.dll
0x00007ffc1ece0000 - 0x00007ffc1ece9000 	C:\Windows\SYSTEM32\WSOCK32.dll
0x00007ffc20b20000 - 0x00007ffc20b2a000 	C:\Windows\SYSTEM32\VERSION.dll
0x00007ffc27290000 - 0x00007ffc272fd000 	C:\Windows\System32\WS2_32.dll
0x00007ffc23020000 - 0x00007ffc2304d000 	C:\Windows\SYSTEM32\winmmbase.dll
0x00007ffc26840000 - 0x00007ffc2688a000 	C:\Windows\System32\cfgmgr32.dll
0x00007ffc18890000 - 0x00007ffc1889f000 	C:\Program Files\Android\Android Studio\jre\jre\bin\verify.dll
0x00007ffc173a0000 - 0x00007ffc173c9000 	C:\Program Files\Android\Android Studio\jre\jre\bin\java.dll
0x00007ffc18320000 - 0x00007ffc18336000 	C:\Program Files\Android\Android Studio\jre\jre\bin\zip.dll
0x00007ffc28370000 - 0x00007ffc29868000 	C:\Windows\System32\SHELL32.dll
0x00007ffc279f0000 - 0x00007ffc27a99000 	C:\Windows\System32\shcore.dll
0x00007ffc25a90000 - 0x00007ffc261e4000 	C:\Windows\System32\windows.storage.dll
0x00007ffc25a40000 - 0x00007ffc25a64000 	C:\Windows\System32\profapi.dll
0x00007ffc259e0000 - 0x00007ffc25a3d000 	C:\Windows\System32\powrprof.dll
0x00007ffc27aa0000 - 0x00007ffc27af2000 	C:\Windows\System32\shlwapi.dll
0x00007ffc25a70000 - 0x00007ffc25a81000 	C:\Windows\System32\kernel.appcore.dll
0x00007ffc26890000 - 0x00007ffc268a7000 	C:\Windows\System32\cryptsp.dll
0x00007ffc17930000 - 0x00007ffc1794a000 	C:\Program Files\Android\Android Studio\jre\jre\bin\net.dll
0x00007ffc25220000 - 0x00007ffc25287000 	C:\Windows\system32\mswsock.dll
0x00007ffc17450000 - 0x00007ffc17463000 	C:\Program Files\Android\Android Studio\jre\jre\bin\nio.dll
0x00007ffc17520000 - 0x00007ffc17546000 	C:\Users\OmegaNessy\.gradle\native\30\windows-amd64\native-platform.dll
0x00007ffc19b20000 - 0x00007ffc19b2d000 	C:\Program Files\Android\Android Studio\jre\jre\bin\management.dll
0x00007ffc24da0000 - 0x00007ffc24dd3000 	C:\Windows\system32\rsaenh.dll
0x00007ffc26bd0000 - 0x00007ffc26bf6000 	C:\Windows\System32\bcrypt.dll
0x00007ffc258f0000 - 0x00007ffc25918000 	C:\Windows\SYSTEM32\USERENV.dll
0x00007ffc253f0000 - 0x00007ffc253fc000 	C:\Windows\SYSTEM32\CRYPTBASE.dll
0x00007ffc24f40000 - 0x00007ffc24f7d000 	C:\Windows\SYSTEM32\IPHLPAPI.DLL
0x00007ffc27fc0000 - 0x00007ffc27fc8000 	C:\Windows\System32\NSI.dll
0x00007ffc1f1b0000 - 0x00007ffc1f1c6000 	C:\Windows\SYSTEM32\dhcpcsvc6.DLL
0x00007ffc202b0000 - 0x00007ffc202cc000 	C:\Windows\SYSTEM32\dhcpcsvc.DLL
0x00007ffc24f80000 - 0x00007ffc25047000 	C:\Windows\SYSTEM32\DNSAPI.dll

VM Arguments:
jvm_args: -Xmx1536m -Dfile.encoding=windows-1251 -Duser.country=RU -Duser.language=ru -Duser.variant 
java_command: org.gradle.launcher.daemon.bootstrap.GradleDaemon 5.6.4
java_class_path (initial): C:\Users\OmegaNessy\.gradle\wrapper\dists\gradle-5.6.4-all\ankdp27end7byghfw1q2sw75f\gradle-5.6.4\lib\gradle-launcher-5.6.4.jar
Launcher Type: SUN_STANDARD

Environment Variables:
JAVA_HOME=C:\Program Files\Java\jdk-14.0.1
PATH=C:\Program Files (x86)\Common Files\Oracle\Java\javapath;C:\Windows\system32;C:\Windows;C:\Windows\System32\Wbem;C:\Windows\System32\WindowsPowerShell\v1.0\;C:\Windows\System32\OpenSSH\;C:\Program Files\dotnet\;C:\Program Files (x86)\Windows Kits\8.1\Windows Performance Toolkit\;C:\Program Files\Git\cmd;C:\Program Files (x86)\Windows Kits\10\Windows Performance Toolkit\;C:\Users\OmegaNessy\AppData\Local\Microsoft\WindowsApps;;C:\Program Files\JetBrains\IntelliJ IDEA Community Edition 2020.1.1\bin;
USERNAME=OmegaNessy
OS=Windows_NT
PROCESSOR_IDENTIFIER=Intel64 Family 6 Model 158 Stepping 10, GenuineIntel



---------------  S Y S T E M  ---------------

OS: Windows 10.0 , 64 bit Build 17763 (10.0.17763.1339)

CPU:total 8 (initial active 8) (4 cores per cpu, 2 threads per core) family 6 model 158 stepping 10, cmov, cx8, fxsr, mmx, sse, sse2, sse3, ssse3, sse4.1, sse4.2, popcnt, avx, avx2, aes, clmul, erms, 3dnowpref, lzcnt, ht, tsc, tscinvbit, bmi1, bmi2, adx

Memory: 4k page, physical 8230488k(468012k free), swap 14377328k(3116k free)

vm_info: OpenJDK 64-Bit Server VM (25.242-b01) for windows-amd64 JRE (1.8.0_242-release-1644-b01), built by "builder" with MS VC++ 10.0 (VS2010)

time: Fri Jul 24 12:07:22 2020
timezone: RTZ 2 (зима)
elapsed time: 13 seconds (0d 0h 0m 13s)

