#
# There is insufficient memory for the Java Runtime Environment to continue.
# Native memory allocation (malloc) failed to allocate 32744 bytes for ChunkPool::allocate
# Possible reasons:
#   The system is out of physical RAM or swap space
#   The process is running with CompressedOops enabled, and the Java Heap may be blocking the growth of the native heap
# Possible solutions:
#   Reduce memory load on the system
#   Increase physical memory or swap space
#   Check if swap backing store is full
#   Decrease Java heap size (-Xmx/-Xms)
#   Decrease number of Java threads
#   Decrease Java thread stack sizes (-Xss)
#   Set larger code cache with -XX:ReservedCodeCacheSize=
#   JVM is running with Unscaled Compressed Oops mode in which the Java heap is
#     placed in the first 4GB address space. The Java Heap base address is the
#     maximum limit for the native heap growth. Please use -XX:HeapBaseMinAddress
#     to set the Java Heap base and to place the Java Heap above 4GB virtual address.
# This output file may be truncated or incomplete.
#
#  Out of Memory Error (allocation.cpp:272), pid=11764, tid=0x0000000000002bb4
#
# JRE version: OpenJDK Runtime Environment (8.0_242-b01) (build 1.8.0_242-release-1644-b01)
# Java VM: OpenJDK 64-Bit Server VM (25.242-b01 mixed mode windows-amd64 compressed oops)
# Failed to write core dump. Minidumps are not enabled by default on client versions of Windows
#

---------------  T H R E A D  ---------------

Current thread (0x0000000016238000):  VMThread [stack: 0x0000000017f00000,0x0000000018000000] [id=11188]

Stack: [0x0000000017f00000,0x0000000018000000]
[error occurred during error reporting (printing stack bounds), id 0xc0000005]

Native frames: (J=compiled Java code, j=interpreted, Vv=VM code, C=native code)

VM_Operation (0x000000005708ed00): BulkRevokeBias, mode: safepoint, requested by thread 0x000000002115b800


---------------  P R O C E S S  ---------------

Java Threads: ( => current thread )
  0x000000002115b800 JavaThread "stderr" [_thread_blocked, id=8828, stack(0x0000000056f90000,0x0000000057090000)]
  0x000000002115a800 JavaThread "stdout" [_thread_in_native, id=9940, stack(0x0000000056e90000,0x0000000056f90000)]
  0x000000002115a000 JavaThread "stderr" [_thread_in_native, id=5220, stack(0x0000000056d90000,0x0000000056e90000)]
  0x0000000021159000 JavaThread "stdout" [_thread_in_native, id=2000, stack(0x0000000056c90000,0x0000000056d90000)]
  0x000000002114e800 JavaThread "stderr" [_thread_in_native, id=10796, stack(0x0000000056b90000,0x0000000056c90000)]
  0x0000000021150800 JavaThread "stdout" [_thread_in_native, id=9892, stack(0x0000000056a90000,0x0000000056b90000)]
  0x0000000021155800 JavaThread "stderr" [_thread_in_native, id=1848, stack(0x0000000056990000,0x0000000056a90000)]
  0x000000002114d800 JavaThread "WorkerExecutor Queue Thread 8" [_thread_blocked, id=6620, stack(0x0000000056890000,0x0000000056990000)]
  0x0000000021154800 JavaThread "stdout" [_thread_in_native, id=11084, stack(0x0000000056790000,0x0000000056890000)]
  0x0000000021154000 JavaThread "stderr" [_thread_in_native, id=3628, stack(0x0000000056690000,0x0000000056790000)]
  0x000000002b0cc800 JavaThread "WorkerExecutor Queue Thread 7" [_thread_blocked, id=10088, stack(0x0000000056590000,0x0000000056690000)]
  0x000000002b0cb800 JavaThread "stdout" [_thread_in_native, id=5232, stack(0x0000000056490000,0x0000000056590000)]
  0x000000002b0cb000 JavaThread "stderr" [_thread_in_native, id=2364, stack(0x0000000056390000,0x0000000056490000)]
  0x000000002b0c9800 JavaThread "WorkerExecutor Queue Thread 6" [_thread_blocked, id=2504, stack(0x0000000056290000,0x0000000056390000)]
  0x000000002b0ce800 JavaThread "WorkerExecutor Queue Thread 5" [_thread_blocked, id=10108, stack(0x0000000056190000,0x0000000056290000)]
  0x000000002b0ca000 JavaThread "WorkerExecutor Queue Thread 4" [_thread_blocked, id=11996, stack(0x0000000056090000,0x0000000056190000)]
  0x000000002b0cf800 JavaThread "stdout" [_thread_in_native, id=4408, stack(0x0000000055f90000,0x0000000056090000)]
  0x000000002b0ce000 JavaThread "stderr" [_thread_in_native, id=3004, stack(0x0000000055e90000,0x0000000055f90000)]
  0x000000002b0c1000 JavaThread "pool-101-thread-1" [_thread_blocked, id=11692, stack(0x0000000055d90000,0x0000000055e90000)]
  0x000000002b0c3800 JavaThread "WorkerExecutor Queue Thread 3" [_thread_blocked, id=11016, stack(0x0000000055c90000,0x0000000055d90000)]
  0x000000002bda6800 JavaThread "WorkerExecutor Queue Thread 2" [_thread_blocked, id=7716, stack(0x0000000055b90000,0x0000000055c90000)]
  0x000000002bdad000 JavaThread "WorkerExecutor Queue" [_thread_blocked, id=3668, stack(0x0000000055a90000,0x0000000055b90000)]
  0x000000002bdac800 JavaThread "Cache worker for execution history cache (D:\Study\Bntu_Dp_NavigatorQR_06'20\.gradle\5.6.4\executionHistory)" [_thread_blocked, id=6548, stack(0x0000000055990000,0x0000000055a90000)]
  0x000000002bda8000 JavaThread "Execution worker for ':' Thread 7" [_thread_blocked, id=1364, stack(0x0000000055890000,0x0000000055990000)]
  0x000000002bdab800 JavaThread "Execution worker for ':' Thread 6" [_thread_blocked, id=356, stack(0x0000000055790000,0x0000000055890000)]
  0x000000002bda9800 JavaThread "Execution worker for ':' Thread 5" [_thread_blocked, id=6080, stack(0x0000000055690000,0x0000000055790000)]
  0x000000002bdaa000 JavaThread "Execution worker for ':' Thread 4" [_thread_blocked, id=8172, stack(0x0000000055590000,0x0000000055690000)]
  0x000000002bda7000 JavaThread "Execution worker for ':' Thread 3" [_thread_blocked, id=10264, stack(0x0000000055490000,0x0000000055590000)]
  0x000000002bdab000 JavaThread "Execution worker for ':' Thread 2" [_thread_blocked, id=1504, stack(0x0000000055390000,0x0000000055490000)]
  0x000000002bd9f000 JavaThread "Execution worker for ':'" [_thread_blocked, id=8700, stack(0x0000000055290000,0x0000000055390000)]
  0x000000002bda5800 JavaThread "Cache worker for file content cache (D:\Study\Bntu_Dp_NavigatorQR_06'20\.gradle\5.6.4\fileContent)" [_thread_blocked, id=3728, stack(0x0000000055190000,0x0000000055290000)]
  0x000000002bd9e000 JavaThread "Cache worker for Build Output Cleanup Cache (D:\Study\Bntu_Dp_NavigatorQR_06'20\.gradle\buildOutputCleanup)" [_thread_blocked, id=11340, stack(0x0000000055090000,0x0000000055190000)]
  0x000000002bd9f800 JavaThread "Build operations Thread 8" [_thread_blocked, id=432, stack(0x0000000054f90000,0x0000000055090000)]
  0x000000002bda5000 JavaThread "Build operations Thread 7" [_thread_blocked, id=8924, stack(0x0000000054e90000,0x0000000054f90000)]
  0x000000002bda2000 JavaThread "Build operations Thread 6" [_thread_blocked, id=12040, stack(0x0000000054d90000,0x0000000054e90000)]
  0x000000002bda4000 JavaThread "Build operations Thread 5" [_thread_blocked, id=1768, stack(0x0000000054c90000,0x0000000054d90000)]
  0x00000000257e2800 JavaThread "Build operations Thread 4" [_thread_blocked, id=11020, stack(0x0000000054b90000,0x0000000054c90000)]
  0x00000000257e1800 JavaThread "Build operations Thread 3" [_thread_blocked, id=8152, stack(0x0000000054a90000,0x0000000054b90000)]
  0x00000000257e1000 JavaThread "Build operations Thread 2" [_thread_blocked, id=6616, stack(0x0000000054990000,0x0000000054a90000)]
  0x00000000257e7000 JavaThread "Build operations" [_thread_blocked, id=3432, stack(0x0000000054890000,0x0000000054990000)]
  0x00000000257e5800 JavaThread "Cache worker for cache directory md-rule (C:\Users\OmegaNessy\.gradle\caches\5.6.4\md-rule)" [_thread_blocked, id=8344, stack(0x0000000054790000,0x0000000054890000)]
  0x00000000257d9800 JavaThread "Cache worker for cache directory md-supplier (C:\Users\OmegaNessy\.gradle\caches\5.6.4\md-supplier)" [_thread_blocked, id=10064, stack(0x0000000054690000,0x0000000054790000)]
  0x00000000257e0000 JavaThread "Cache worker for file hash cache (D:\Study\Bntu_Dp_NavigatorQR_06'20\.gradle\5.6.4\fileHashes)" [_thread_blocked, id=1096, stack(0x0000000054590000,0x0000000054690000)]
  0x00000000257d8800 JavaThread "Thread-1336" [_thread_blocked, id=2536, stack(0x0000000054490000,0x0000000054590000)]
  0x00000000257d8000 JavaThread "Stdin handler" [_thread_blocked, id=3124, stack(0x0000000054390000,0x0000000054490000)]
  0x00000000257de800 JavaThread "Asynchronous log dispatcher for DefaultDaemonConnection: socket connection from /127.0.0.1:59448 to /127.0.0.1:62115" [_thread_blocked, id=4976, stack(0x0000000054290000,0x0000000054390000)]
  0x00000000257db000 JavaThread "Cancel handler" [_thread_blocked, id=4076, stack(0x0000000054190000,0x0000000054290000)]
  0x00000000257da000 JavaThread "Handler for socket connection from /127.0.0.1:59448 to /127.0.0.1:62115" [_thread_in_native, id=9324, stack(0x0000000054090000,0x0000000054190000)]
  0x000000002b0c2000 JavaThread "Daemon worker Thread 22" [_thread_blocked, id=3420, stack(0x0000000052190000,0x0000000052290000)]
  0x000000002b0c7000 JavaThread "Daemon Thread 22" [_thread_blocked, id=4940, stack(0x0000000051e90000,0x0000000051f90000)]
  0x000000001ae04000 JavaThread "Cache worker for Java compile cache (C:\Users\OmegaNessy\.gradle\caches\5.6.4\javaCompile)" [_thread_blocked, id=9292, stack(0x000000002e030000,0x000000002e130000)]
  0x0000000021156000 JavaThread "Cache worker for file content cache (C:\Users\OmegaNessy\.gradle\caches\5.6.4\fileContent)" [_thread_blocked, id=4676, stack(0x0000000028fc0000,0x00000000290c0000)]
  0x0000000018f03800 JavaThread "Memory manager" [_thread_blocked, id=10164, stack(0x0000000024e20000,0x0000000024f20000)]
  0x000000002114c000 JavaThread "Cache worker for execution history cache (C:\Users\OmegaNessy\.gradle\caches\5.6.4\executionHistory)" [_thread_blocked, id=3128, stack(0x0000000020810000,0x0000000020910000)]
  0x0000000018f05000 JavaThread "Cache worker for journal cache (C:\Users\OmegaNessy\.gradle\caches\journal-1)" [_thread_blocked, id=2592, stack(0x000000001ce30000,0x000000001cf30000)]
  0x0000000018f04000 JavaThread "File lock request listener" [_thread_in_native, id=1584, stack(0x000000001cd30000,0x000000001ce30000)]
  0x0000000018f00800 JavaThread "Cache worker for file hash cache (C:\Users\OmegaNessy\.gradle\caches\5.6.4\fileHashes)" [_thread_blocked, id=11012, stack(0x000000001cc30000,0x000000001cd30000)]
  0x000000001aa17000 JavaThread "Daemon periodic checks" [_thread_blocked, id=6044, stack(0x000000001bf30000,0x000000001c030000)]
  0x000000001aa16000 JavaThread "Incoming local TCP Connector on port 59448" [_thread_in_native, id=11916, stack(0x000000001bce0000,0x000000001bde0000)]
  0x000000001a91f800 JavaThread "Daemon health stats" [_thread_blocked, id=8000, stack(0x000000001b6a0000,0x000000001b7a0000)]
  0x00000000180c6000 JavaThread "Service Thread" daemon [_thread_blocked, id=10412, stack(0x0000000018d00000,0x0000000018e00000)]
  0x0000000018047800 JavaThread "C1 CompilerThread3" daemon [_thread_blocked, id=10136, stack(0x0000000018c00000,0x0000000018d00000)]
  0x0000000018038000 JavaThread "C2 CompilerThread2" daemon [_thread_blocked, id=5856, stack(0x0000000018b00000,0x0000000018c00000)]
  0x000000001624b800 JavaThread "C2 CompilerThread1" daemon [_thread_in_native, id=780, stack(0x0000000018a00000,0x0000000018b00000)]
  0x0000000018036000 JavaThread "C2 CompilerThread0" daemon [_thread_blocked, id=3236, stack(0x0000000018900000,0x0000000018a00000)]
  0x0000000018035000 JavaThread "Attach Listener" daemon [_thread_blocked, id=3052, stack(0x0000000018800000,0x0000000018900000)]
  0x0000000018034000 JavaThread "Signal Dispatcher" daemon [_thread_blocked, id=1268, stack(0x0000000018700000,0x0000000018800000)]
  0x0000000018021800 JavaThread "Finalizer" daemon [_thread_blocked, id=11180, stack(0x0000000018500000,0x0000000018600000)]
  0x0000000018020800 JavaThread "Reference Handler" daemon [_thread_blocked, id=3240, stack(0x0000000018400000,0x0000000018500000)]
  0x000000000247e000 JavaThread "main" [_thread_blocked, id=9392, stack(0x00000000021c0000,0x00000000022c0000)]

Other Threads:
=>0x0000000016238000 VMThread [stack: 0x0000000017f00000,0x0000000018000000] [id=11188]
  0x000000001805e800 WatcherThread [stack: 0x0000000018e00000,0x0000000018f00000] [id=7788]

VM state:at safepoint (normal execution)

VM Mutex/Monitor currently owned by a thread:  ([mutex/lock_event])
[0x000000000247d3c0] Threads_lock - owner thread: 0x0000000016238000

OutOfMemory and StackOverflow Exception counts:
OutOfMemoryError java_heap_errors=1

heap address: 0x00000000a0000000, size: 1536 MB, Compressed Oops mode: 32-bit
Narrow klass base: 0x0000000000000000, Narrow klass shift: 3
Compressed class space size: 1073741824 Address: 0x0000000100000000

Heap:
 PSYoungGen      total 450560K, used 58486K [0x00000000e0000000, 0x00000000fea00000, 0x0000000100000000)
  eden space 423936K, 7% used [0x00000000e0000000,0x00000000e1f757a8,0x00000000f9e00000)
  from space 26624K, 98% used [0x00000000faf80000,0x00000000fc928088,0x00000000fc980000)
  to   space 33280K, 0% used [0x00000000fc980000,0x00000000fc980000,0x00000000fea00000)
 ParOldGen       total 176128K, used 143009K [0x00000000a0000000, 0x00000000aac00000, 0x00000000e0000000)
  object space 176128K, 81% used [0x00000000a0000000,0x00000000a8ba8478,0x00000000aac00000)
 Metaspace       used 109643K, capacity 117820K, committed 118144K, reserved 1153024K
  class space    used 13895K, capacity 15332K, committed 15488K, reserved 1048576K

Card table byte_map: [0x0000000011840000,0x0000000011b50000] byte_map_base: 0x0000000011340000

Marking Bits: (ParMarkBitMap*) 0x000000006d63f030
 Begin Bits: [0x0000000012550000, 0x0000000013d50000)
 End Bits:   [0x0000000013d50000, 0x0000000015550000)

Polling page: 0x00000000005d0000

CodeCache: size=245760Kb used=88944Kb max_used=88995Kb free=156815Kb
 bounds [0x0000000002480000, 0x0000000007c00000, 0x0000000011480000]
 total_blobs=25607 nmethods=24695 adapters=821
 compilation: enabled

Compilation events (10 events):
Event: 10849.587 Thread 0x0000000018047800 33114       1       com.google.common.cache.LocalCache$WeakValueReference::isActive (2 bytes)
Event: 10849.587 Thread 0x0000000018047800 nmethod 33114 0x000000000680c7d0 code [0x000000000680c920, 0x000000000680ca30]
Event: 10849.590 Thread 0x0000000018047800 33115       3       com.google.common.cache.LocalCache$LoadingValueReference::copyFor (2 bytes)
Event: 10849.591 Thread 0x0000000018047800 nmethod 33115 0x0000000003ffa050 code [0x0000000003ffa1a0, 0x0000000003ffa2f0]
Event: 10849.592 Thread 0x0000000018047800 33116       3       com.google.common.cache.LocalCache$WeakValueReference::copyFor (11 bytes)
Event: 10849.593 Thread 0x0000000018047800 nmethod 33116 0x0000000006c0bf10 code [0x0000000006c0c0a0, 0x0000000006c0c490]
Event: 10849.622 Thread 0x0000000018038000 33117 % !   4       org.gradle.cache.internal.CacheAccessWorker$2::run @ 35 (153 bytes)
Event: 10849.631 Thread 0x0000000018036000 33118   !   4       sun.nio.cs.StreamEncoder::write (78 bytes)
Event: 10849.631 Thread 0x0000000018038000 nmethod 33117% 0x0000000006c09cd0 code [0x0000000006c09ea0, 0x0000000006c0a400]
Event: 10849.647 Thread 0x0000000018036000 nmethod 33118 0x0000000007bf18d0 code [0x0000000007bf1a80, 0x0000000007bf24a8]

GC Heap History (10 events):
Event: 8619.556 GC heap before
{Heap before GC invocations=45 (full 4):
 PSYoungGen      total 475648K, used 459264K [0x00000000e0000000, 0x00000000ffb80000, 0x0000000100000000)
  eden space 436736K, 100% used [0x00000000e0000000,0x00000000faa80000,0x00000000faa80000)
  from space 38912K, 57% used [0x00000000fd580000,0x00000000feb800e8,0x00000000ffb80000)
  to   space 41472K, 0% used [0x00000000faa80000,0x00000000faa80000,0x00000000fd300000)
 ParOldGen       total 176128K, used 142969K [0x00000000a0000000, 0x00000000aac00000, 0x00000000e0000000)
  object space 176128K, 81% used [0x00000000a0000000,0x00000000a8b9e478,0x00000000aac00000)
 Metaspace       used 108376K, capacity 116386K, committed 116736K, reserved 1150976K
  class space    used 13778K, capacity 15201K, committed 15360K, reserved 1048576K
Event: 8619.598 GC heap after
Heap after GC invocations=45 (full 4):
 PSYoungGen      total 478208K, used 21771K [0x00000000e0000000, 0x00000000fff80000, 0x0000000100000000)
  eden space 436736K, 0% used [0x00000000e0000000,0x00000000e0000000,0x00000000faa80000)
  from space 41472K, 52% used [0x00000000faa80000,0x00000000fbfc2da8,0x00000000fd300000)
  to   space 39936K, 0% used [0x00000000fd880000,0x00000000fd880000,0x00000000fff80000)
 ParOldGen       total 176128K, used 142977K [0x00000000a0000000, 0x00000000aac00000, 0x00000000e0000000)
  object space 176128K, 81% used [0x00000000a0000000,0x00000000a8ba0478,0x00000000aac00000)
 Metaspace       used 108376K, capacity 116386K, committed 116736K, reserved 1150976K
  class space    used 13778K, capacity 15201K, committed 15360K, reserved 1048576K
}
Event: 8642.861 GC heap before
{Heap before GC invocations=46 (full 4):
 PSYoungGen      total 478208K, used 458507K [0x00000000e0000000, 0x00000000fff80000, 0x0000000100000000)
  eden space 436736K, 100% used [0x00000000e0000000,0x00000000faa80000,0x00000000faa80000)
  from space 41472K, 52% used [0x00000000faa80000,0x00000000fbfc2da8,0x00000000fd300000)
  to   space 39936K, 0% used [0x00000000fd880000,0x00000000fd880000,0x00000000fff80000)
 ParOldGen       total 176128K, used 142977K [0x00000000a0000000, 0x00000000aac00000, 0x00000000e0000000)
  object space 176128K, 81% used [0x00000000a0000000,0x00000000a8ba0478,0x00000000aac00000)
 Metaspace       used 108628K, capacity 116642K, committed 116992K, reserved 1150976K
  class space    used 13780K, capacity 15201K, committed 15360K, reserved 1048576K
Event: 8642.912 GC heap after
Heap after GC invocations=46 (full 4):
 PSYoungGen      total 480256K, used 29845K [0x00000000e0000000, 0x0000000100000000, 0x0000000100000000)
  eden space 440320K, 0% used [0x00000000e0000000,0x00000000e0000000,0x00000000fae00000)
  from space 39936K, 74% used [0x00000000fd880000,0x00000000ff5a57b8,0x00000000fff80000)
  to   space 41984K, 0% used [0x00000000fae00000,0x00000000fae00000,0x00000000fd700000)
 ParOldGen       total 176128K, used 142985K [0x00000000a0000000, 0x00000000aac00000, 0x00000000e0000000)
  object space 176128K, 81% used [0x00000000a0000000,0x00000000a8ba2478,0x00000000aac00000)
 Metaspace       used 108628K, capacity 116642K, committed 116992K, reserved 1150976K
  class space    used 13780K, capacity 15201K, committed 15360K, reserved 1048576K
}
Event: 8703.164 GC heap before
{Heap before GC invocations=47 (full 4):
 PSYoungGen      total 480256K, used 469602K [0x00000000e0000000, 0x0000000100000000, 0x0000000100000000)
  eden space 440320K, 99% used [0x00000000e0000000,0x00000000fad73360,0x00000000fae00000)
  from space 39936K, 74% used [0x00000000fd880000,0x00000000ff5a57b8,0x00000000fff80000)
  to   space 41984K, 0% used [0x00000000fae00000,0x00000000fae00000,0x00000000fd700000)
 ParOldGen       total 176128K, used 142985K [0x00000000a0000000, 0x00000000aac00000, 0x00000000e0000000)
  object space 176128K, 81% used [0x00000000a0000000,0x00000000a8ba2478,0x00000000aac00000)
 Metaspace       used 108729K, capacity 116770K, committed 116992K, reserved 1150976K
  class space    used 13780K, capacity 15201K, committed 15360K, reserved 1048576K
Event: 8703.174 GC heap after
Heap after GC invocations=47 (full 4):
 PSYoungGen      total 482304K, used 18031K [0x00000000e0000000, 0x00000000fff00000, 0x0000000100000000)
  eden space 440320K, 0% used [0x00000000e0000000,0x00000000e0000000,0x00000000fae00000)
  from space 41984K, 42% used [0x00000000fae00000,0x00000000fbf9bd38,0x00000000fd700000)
  to   space 40448K, 0% used [0x00000000fd780000,0x00000000fd780000,0x00000000fff00000)
 ParOldGen       total 176128K, used 142993K [0x00000000a0000000, 0x00000000aac00000, 0x00000000e0000000)
  object space 176128K, 81% used [0x00000000a0000000,0x00000000a8ba4478,0x00000000aac00000)
 Metaspace       used 108729K, capacity 116770K, committed 116992K, reserved 1150976K
  class space    used 13780K, capacity 15201K, committed 15360K, reserved 1048576K
}
Event: 9815.894 GC heap before
{Heap before GC invocations=48 (full 4):
 PSYoungGen      total 482304K, used 458351K [0x00000000e0000000, 0x00000000fff00000, 0x0000000100000000)
  eden space 440320K, 100% used [0x00000000e0000000,0x00000000fae00000,0x00000000fae00000)
  from space 41984K, 42% used [0x00000000fae00000,0x00000000fbf9bd38,0x00000000fd700000)
  to   space 40448K, 0% used [0x00000000fd780000,0x00000000fd780000,0x00000000fff00000)
 ParOldGen       total 176128K, used 142993K [0x00000000a0000000, 0x00000000aac00000, 0x00000000e0000000)
  object space 176128K, 81% used [0x00000000a0000000,0x00000000a8ba4478,0x00000000aac00000)
 Metaspace       used 109426K, capacity 117622K, committed 117888K, reserved 1150976K
  class space    used 13880K, capacity 15331K, committed 15488K, reserved 1048576K
Event: 9815.912 GC heap after
Heap after GC invocations=48 (full 4):
 PSYoungGen      total 478720K, used 21953K [0x00000000e0000000, 0x00000000ffb80000, 0x0000000100000000)
  eden space 441856K, 0% used [0x00000000e0000000,0x00000000e0000000,0x00000000faf80000)
  from space 36864K, 59% used [0x00000000fd780000,0x00000000fecf07b0,0x00000000ffb80000)
  to   space 38912K, 0% used [0x00000000faf80000,0x00000000faf80000,0x00000000fd580000)
 ParOldGen       total 176128K, used 143001K [0x00000000a0000000, 0x00000000aac00000, 0x00000000e0000000)
  object space 176128K, 81% used [0x00000000a0000000,0x00000000a8ba6478,0x00000000aac00000)
 Metaspace       used 109426K, capacity 117622K, committed 117888K, reserved 1150976K
  class space    used 13880K, capacity 15331K, committed 15488K, reserved 1048576K
}
Event: 10849.537 GC heap before
{Heap before GC invocations=49 (full 4):
 PSYoungGen      total 478720K, used 463809K [0x00000000e0000000, 0x00000000ffb80000, 0x0000000100000000)
  eden space 441856K, 100% used [0x00000000e0000000,0x00000000faf80000,0x00000000faf80000)
  from space 36864K, 59% used [0x00000000fd780000,0x00000000fecf07b0,0x00000000ffb80000)
  to   space 38912K, 0% used [0x00000000faf80000,0x00000000faf80000,0x00000000fd580000)
 ParOldGen       total 176128K, used 143001K [0x00000000a0000000, 0x00000000aac00000, 0x00000000e0000000)
  object space 176128K, 81% used [0x00000000a0000000,0x00000000a8ba6478,0x00000000aac00000)
 Metaspace       used 109642K, capacity 117820K, committed 118144K, reserved 1153024K
  class space    used 13895K, capacity 15332K, committed 15488K, reserved 1048576K
Event: 10849.575 GC heap after
Heap after GC invocations=49 (full 4):
 PSYoungGen      total 450560K, used 26272K [0x00000000e0000000, 0x00000000fea00000, 0x0000000100000000)
  eden space 423936K, 0% used [0x00000000e0000000,0x00000000e0000000,0x00000000f9e00000)
  from space 26624K, 98% used [0x00000000faf80000,0x00000000fc928088,0x00000000fc980000)
  to   space 33280K, 0% used [0x00000000fc980000,0x00000000fc980000,0x00000000fea00000)
 ParOldGen       total 176128K, used 143009K [0x00000000a0000000, 0x00000000aac00000, 0x00000000e0000000)
  object space 176128K, 81% used [0x00000000a0000000,0x00000000a8ba8478,0x00000000aac00000)
 Metaspace       used 109642K, capacity 117820K, committed 118144K, reserved 1153024K
  class space    used 13895K, capacity 15332K, committed 15488K, reserved 1048576K
}

Deoptimization events (10 events):
Event: 10834.092 Thread 0x00000000257d8000 Uncommon trap: reason=class_check action=maybe_recompile pc=0x0000000005aad344 method=com.google.gson.stream.JsonWriter.string(Ljava/lang/String;)V @ 117
Event: 10834.092 Thread 0x00000000257d8000 Uncommon trap: reason=bimorphic action=maybe_recompile pc=0x00000000051fd204 method=java.util.Collections$UnmodifiableMap.get(Ljava/lang/Object;)Ljava/lang/Object; @ 5
Event: 10834.092 Thread 0x00000000257d8000 Uncommon trap: reason=class_check action=maybe_recompile pc=0x0000000005aad344 method=com.google.gson.stream.JsonWriter.string(Ljava/lang/String;)V @ 117
Event: 10834.092 Thread 0x00000000257d8000 Uncommon trap: reason=class_check action=maybe_recompile pc=0x0000000005aad344 method=com.google.gson.stream.JsonWriter.string(Ljava/lang/String;)V @ 117
Event: 10834.100 Thread 0x000000002bdaa000 Uncommon trap: reason=unstable_if action=reinterpret pc=0x00000000061dec64 method=org.gradle.execution.plan.DefaultExecutionPlan.nodeComplete(Lorg/gradle/execution/plan/Node;)V @ 15
Event: 10834.105 Thread 0x000000002b0c2000 Uncommon trap: reason=bimorphic action=maybe_recompile pc=0x000000000336f9ac method=org.gradle.internal.logging.text.AbstractLineChoppingStyledTextOutput$StateContext.flushStartLine()V @ 4
Event: 10834.105 Thread 0x000000002b0c2000 Uncommon trap: reason=bimorphic action=maybe_recompile pc=0x000000000336f9ac method=org.gradle.internal.logging.text.AbstractLineChoppingStyledTextOutput$StateContext.flushStartLine()V @ 4
Event: 10834.105 Thread 0x000000002b0c2000 Uncommon trap: reason=bimorphic action=maybe_recompile pc=0x000000000336f9ac method=org.gradle.internal.logging.text.AbstractLineChoppingStyledTextOutput$StateContext.flushStartLine()V @ 4
Event: 10834.105 Thread 0x000000002b0c2000 Uncommon trap: reason=bimorphic action=maybe_recompile pc=0x000000000336f9ac method=org.gradle.internal.logging.text.AbstractLineChoppingStyledTextOutput$StateContext.flushStartLine()V @ 4
Event: 10849.341 Thread 0x000000002bdaa000 Uncommon trap: reason=unstable_if action=reinterpret pc=0x0000000005ab6814 method=com.sun.org.apache.xerces.internal.impl.XMLNSDocumentScannerImpl.scanStartElement()Z @ 694

Classes redefined (0 events):
No events

Internal exceptions (10 events):
Event: 9816.177 Thread 0x00000000257db000 Exception <a 'sun/nio/fs/WindowsException'> (0x00000000e528c010) thrown at [C:\src\AOSP-openjdk-git\hotspot\src\share\vm\prims\jni.cpp, line 710]
Event: 9816.177 Thread 0x00000000257d8800 Exception <a 'sun/nio/fs/WindowsException'> (0x00000000e52beff0) thrown at [C:\src\AOSP-openjdk-git\hotspot\src\share\vm\prims\jni.cpp, line 710]
Event: 9816.179 Thread 0x00000000257db000 Exception <a 'sun/nio/fs/WindowsException'> (0x00000000e5295d70) thrown at [C:\src\AOSP-openjdk-git\hotspot\src\share\vm\prims\jni.cpp, line 710]
Event: 9816.179 Thread 0x00000000257db000 Exception <a 'sun/nio/fs/WindowsException'> (0x00000000e529ebd0) thrown at [C:\src\AOSP-openjdk-git\hotspot\src\share\vm\prims\jni.cpp, line 710]
Event: 9816.180 Thread 0x00000000257db000 Exception <a 'sun/nio/fs/WindowsException'> (0x00000000e52a4080) thrown at [C:\src\AOSP-openjdk-git\hotspot\src\share\vm\prims\jni.cpp, line 710]
Event: 9816.181 Thread 0x00000000257db000 Exception <a 'sun/nio/fs/WindowsException'> (0x00000000e54e2748) thrown at [C:\src\AOSP-openjdk-git\hotspot\src\share\vm\prims\jni.cpp, line 710]
Event: 9816.206 Thread 0x00000000257e7000 Exception <a 'sun/nio/fs/WindowsException'> (0x00000000e5a97068) thrown at [C:\src\AOSP-openjdk-git\hotspot\src\share\vm\prims\jni.cpp, line 710]
Event: 9816.264 Thread 0x000000002b0c1000 Exception <a 'sun/nio/fs/WindowsException'> (0x00000000e684e700) thrown at [C:\src\AOSP-openjdk-git\hotspot\src\share\vm\prims\jni.cpp, line 710]
Event: 9816.315 Thread 0x0000000021150800 Exception <a 'sun/nio/fs/WindowsException'> (0x00000000e6e357b8) thrown at [C:\src\AOSP-openjdk-git\hotspot\src\share\vm\prims\jni.cpp, line 710]
Event: 10834.103 Thread 0x000000002b0c2000 Exception <a 'sun/nio/fs/WindowsException'> (0x00000000eed244f8) thrown at [C:\src\AOSP-openjdk-git\hotspot\src\share\vm\prims\jni.cpp, line 710]

Events (10 events):
Event: 10849.609 Thread 0x000000002115b800 Thread added: 0x000000002115b800
Event: 10849.609 Thread 0x000000001ae02000 Thread added: 0x000000001ae02000
Event: 10849.648 Thread 0x0000000018036000 flushing nmethod 0x0000000003f7df50
Event: 10849.649 Thread 0x0000000018036000 flushing nmethod 0x0000000003fa5450
Event: 10849.689 Executing VM operation: RevokeBias
Event: 10849.689 Executing VM operation: RevokeBias done
Event: 10849.689 Executing VM operation: RevokeBias
Event: 10849.690 Executing VM operation: RevokeBias done
Event: 10849.690 Thread 0x000000001ae02000 Thread exited: 0x000000001ae02000
Event: 10849.690 Executing VM operation: BulkRevokeBias


Dynamic libraries:
0x00007ff7a20a0000 - 0x00007ff7a20d1000 	C:\Program Files\Android\Android Studio\jre\bin\java.exe
0x00007ff818890000 - 0x00007ff818a7d000 	C:\Windows\SYSTEM32\ntdll.dll
0x00007ff817810000 - 0x00007ff8178c3000 	C:\Windows\System32\KERNEL32.DLL
0x00007ff8152a0000 - 0x00007ff815535000 	C:\Windows\System32\KERNELBASE.dll
0x00007ff817510000 - 0x00007ff8175b3000 	C:\Windows\System32\ADVAPI32.dll
0x00007ff815b10000 - 0x00007ff815bae000 	C:\Windows\System32\msvcrt.dll
0x00007ff817d80000 - 0x00007ff817e1e000 	C:\Windows\System32\sechost.dll
0x00007ff8181e0000 - 0x00007ff818302000 	C:\Windows\System32\RPCRT4.dll
0x00007ff817a00000 - 0x00007ff817b97000 	C:\Windows\System32\USER32.dll
0x00007ff815560000 - 0x00007ff815580000 	C:\Windows\System32\win32u.dll
0x00007ff818150000 - 0x00007ff818179000 	C:\Windows\System32\GDI32.dll
0x00007ff8150a0000 - 0x00007ff81523a000 	C:\Windows\System32\gdi32full.dll
0x00007ff815a10000 - 0x00007ff815ab0000 	C:\Windows\System32\msvcp_win.dll
0x00007ff815860000 - 0x00007ff81595a000 	C:\Windows\System32\ucrtbase.dll
0x00007ff801b90000 - 0x00007ff801e09000 	C:\Windows\WinSxS\amd64_microsoft.windows.common-controls_6595b64144ccf1df_6.0.17763.1282_none_de75b6f253473c0f\COMCTL32.dll
0x00007ff817e20000 - 0x00007ff81814c000 	C:\Windows\System32\combase.dll
0x00007ff815990000 - 0x00007ff815a0e000 	C:\Windows\System32\bcryptPrimitives.dll
0x00007ff817270000 - 0x00007ff81729e000 	C:\Windows\System32\IMM32.DLL
0x000000006ccb0000 - 0x000000006cd82000 	C:\Program Files\Android\Android Studio\jre\jre\bin\msvcr100.dll
0x000000006ce70000 - 0x000000006d6bb000 	C:\Program Files\Android\Android Studio\jre\jre\bin\server\jvm.dll
0x00007ff817620000 - 0x00007ff817628000 	C:\Windows\System32\PSAPI.DLL
0x00007ff80fb50000 - 0x00007ff80fb59000 	C:\Windows\SYSTEM32\WSOCK32.dll
0x00007ff812060000 - 0x00007ff812084000 	C:\Windows\SYSTEM32\WINMM.dll
0x00007ff80f670000 - 0x00007ff80f67a000 	C:\Windows\SYSTEM32\VERSION.dll
0x00007ff817630000 - 0x00007ff81769d000 	C:\Windows\System32\WS2_32.dll
0x00007ff811c90000 - 0x00007ff811cbd000 	C:\Windows\SYSTEM32\WINMMBASE.dll
0x00007ff815810000 - 0x00007ff81585a000 	C:\Windows\System32\cfgmgr32.dll
0x00007ff80f620000 - 0x00007ff80f62f000 	C:\Program Files\Android\Android Studio\jre\jre\bin\verify.dll
0x00007ff80c2e0000 - 0x00007ff80c309000 	C:\Program Files\Android\Android Studio\jre\jre\bin\java.dll
0x00007ff805ab0000 - 0x00007ff805ac6000 	C:\Program Files\Android\Android Studio\jre\jre\bin\zip.dll
0x00007ff815ce0000 - 0x00007ff8171d8000 	C:\Windows\System32\SHELL32.dll
0x00007ff815c30000 - 0x00007ff815cd8000 	C:\Windows\System32\shcore.dll
0x00007ff814950000 - 0x00007ff81509f000 	C:\Windows\System32\windows.storage.dll
0x00007ff814920000 - 0x00007ff814944000 	C:\Windows\System32\profapi.dll
0x00007ff8148c0000 - 0x00007ff81491d000 	C:\Windows\System32\powrprof.dll
0x00007ff8175c0000 - 0x00007ff817612000 	C:\Windows\System32\shlwapi.dll
0x00007ff814880000 - 0x00007ff814891000 	C:\Windows\System32\kernel.appcore.dll
0x00007ff815540000 - 0x00007ff815557000 	C:\Windows\System32\cryptsp.dll
0x00007ff805a90000 - 0x00007ff805aaa000 	C:\Program Files\Android\Android Studio\jre\jre\bin\net.dll
0x00007ff8140e0000 - 0x00007ff814147000 	C:\Windows\system32\mswsock.dll
0x00007ff805a70000 - 0x00007ff805a83000 	C:\Program Files\Android\Android Studio\jre\jre\bin\nio.dll
0x00007ff803820000 - 0x00007ff803846000 	C:\Users\OmegaNessy\.gradle\native\30\windows-amd64\native-platform.dll
0x00007ff809e10000 - 0x00007ff809e1d000 	C:\Program Files\Android\Android Studio\jre\jre\bin\management.dll
0x00007ff813c60000 - 0x00007ff813c93000 	C:\Windows\system32\rsaenh.dll
0x00007ff815960000 - 0x00007ff815986000 	C:\Windows\System32\bcrypt.dll
0x00007ff8147b0000 - 0x00007ff8147d8000 	C:\Windows\SYSTEM32\USERENV.dll
0x00007ff8142b0000 - 0x00007ff8142bc000 	C:\Windows\SYSTEM32\CRYPTBASE.dll
0x00007ff813e00000 - 0x00007ff813e3d000 	C:\Windows\SYSTEM32\IPHLPAPI.DLL
0x00007ff817260000 - 0x00007ff817268000 	C:\Windows\System32\NSI.dll
0x00007ff80e8c0000 - 0x00007ff80e8d6000 	C:\Windows\SYSTEM32\dhcpcsvc6.DLL
0x00007ff80eb70000 - 0x00007ff80eb8c000 	C:\Windows\SYSTEM32\dhcpcsvc.DLL
0x00007ff813e40000 - 0x00007ff813f07000 	C:\Windows\SYSTEM32\DNSAPI.dll
0x00007ff8138e0000 - 0x00007ff813911000 	C:\Windows\SYSTEM32\ntmarta.dll

VM Arguments:
jvm_args: -Xmx1536m -Dfile.encoding=windows-1251 -Duser.country=RU -Duser.language=ru -Duser.variant 
java_command: org.gradle.launcher.daemon.bootstrap.GradleDaemon 5.6.4
java_class_path (initial): C:\Users\OmegaNessy\.gradle\wrapper\dists\gradle-5.6.4-all\ankdp27end7byghfw1q2sw75f\gradle-5.6.4\lib\gradle-launcher-5.6.4.jar
Launcher Type: SUN_STANDARD

Environment Variables:
JAVA_HOME=C:\Program Files\Java\jdk-14.0.1
PATH=C:\Program Files (x86)\Common Files\Oracle\Java\javapath;C:\Windows\system32;C:\Windows;C:\Windows\System32\Wbem;C:\Windows\System32\WindowsPowerShell\v1.0\;C:\Windows\System32\OpenSSH\;C:\Program Files\dotnet\;C:\Program Files (x86)\Windows Kits\8.1\Windows Performance Toolkit\;C:\Program Files\Git\cmd;C:\Program Files (x86)\Windows Kits\10\Windows Performance Toolkit\;C:\Users\OmegaNessy\AppData\Local\Microsoft\WindowsApps;;C:\Program Files\JetBrains\IntelliJ IDEA Community Edition 2020.1.1\bin;
USERNAME=OmegaNessy
OS=Windows_NT
PROCESSOR_IDENTIFIER=Intel64 Family 6 Model 158 Stepping 10, GenuineIntel



---------------  S Y S T E M  ---------------

OS: Windows 10.0 , 64 bit Build 17763 (10.0.17763.1158)

CPU:total 8 (initial active 8) (4 cores per cpu, 2 threads per core) family 6 model 158 stepping 10, cmov, cx8, fxsr, mmx, sse, sse2, sse3, ssse3, sse4.1, sse4.2, popcnt, avx, avx2, aes, clmul, erms, 3dnowpref, lzcnt, ht, tsc, tscinvbit, bmi1, bmi2, adx

Memory: 4k page, physical 8230488k(1445332k free), swap 10968680k(6004k free)

vm_info: OpenJDK 64-Bit Server VM (25.242-b01) for windows-amd64 JRE (1.8.0_242-release-1644-b01), built by "builder" with MS VC++ 10.0 (VS2010)

time: Wed Jul 15 16:18:16 2020
timezone: RTZ 2 (зима)
elapsed time: 10849 seconds (0d 3h 0m 49s)

